Apr 09, 2017 4:41:46 PM BusinessWorkDays.Workday printFile
SEVERE: java.lang.ArrayIndexOutOfBoundsException: 1
java.lang.ArrayIndexOutOfBoundsException: 1
	at BusinessWorkDays.Workday.printFile(Workday.java:174)
	at menu.BusinessMenu.printMenu(BusinessMenu.java:156)
	at menu.Login.testLogin(Login.java:66)
	at menu.Login.loginMenu(Login.java:46)
	at Main.main(Main.java:47)
	at sun.reflect.NativeMethodAccessorImpl.invoke0(Native Method)
	at sun.reflect.NativeMethodAccessorImpl.invoke(NativeMethodAccessorImpl.java:62)
	at sun.reflect.DelegatingMethodAccessorImpl.invoke(DelegatingMethodAccessorImpl.java:43)
	at java.lang.reflect.Method.invoke(Method.java:498)
	at com.intellij.rt.execution.application.AppMain.main(AppMain.java:147)

Apr 09, 2017 5:20:03 PM coreFunctions.Driver loadCurrentBookings
SEVERE: java.lang.ArrayIndexOutOfBoundsException: 4
java.lang.ArrayIndexOutOfBoundsException: 4
	at coreFunctions.Driver.loadCurrentBookings(Driver.java:45)
	at coreFunctions.Driver.viewBookings(Driver.java:396)
	at menu.BusinessMenu.printMenu(BusinessMenu.java:147)
	at menu.Login.testLogin(Login.java:66)
	at menu.Login.loginMenu(Login.java:46)
	at Main.main(Main.java:47)
	at sun.reflect.NativeMethodAccessorImpl.invoke0(Native Method)
	at sun.reflect.NativeMethodAccessorImpl.invoke(NativeMethodAccessorImpl.java:62)
	at sun.reflect.DelegatingMethodAccessorImpl.invoke(DelegatingMethodAccessorImpl.java:43)
	at java.lang.reflect.Method.invoke(Method.java:498)
	at com.intellij.rt.execution.application.AppMain.main(AppMain.java:147)

Apr 09, 2017 5:26:18 PM coreFunctions.Driver printEmployeeWorktimes
SEVERE: java.lang.ArrayIndexOutOfBoundsException: 2
java.lang.ArrayIndexOutOfBoundsException: 2
	at coreFunctions.Driver.printEmployeeWorktimes(Driver.java:575)
	at menu.BusinessMenu.printMenu(BusinessMenu.java:95)
	at menu.Login.testLogin(Login.java:66)
	at menu.Login.loginMenu(Login.java:46)
	at Main.main(Main.java:47)
	at sun.reflect.NativeMethodAccessorImpl.invoke0(Native Method)
	at sun.reflect.NativeMethodAccessorImpl.invoke(NativeMethodAccessorImpl.java:62)
	at sun.reflect.DelegatingMethodAccessorImpl.invoke(DelegatingMethodAccessorImpl.java:43)
	at java.lang.reflect.Method.invoke(Method.java:498)
	at com.intellij.rt.execution.application.AppMain.main(AppMain.java:147)

Apr 09, 2017 5:30:19 PM coreFunctions.Driver printEmployeeWorktimes
SEVERE: java.lang.ArrayIndexOutOfBoundsException: 2
java.lang.ArrayIndexOutOfBoundsException: 2
	at coreFunctions.Driver.printEmployeeWorktimes(Driver.java:587)
	at menu.BusinessMenu.printMenu(BusinessMenu.java:95)
	at menu.Login.testLogin(Login.java:66)
	at menu.Login.loginMenu(Login.java:46)
	at Main.main(Main.java:47)
	at sun.reflect.NativeMethodAccessorImpl.invoke0(Native Method)
	at sun.reflect.NativeMethodAccessorImpl.invoke(NativeMethodAccessorImpl.java:62)
	at sun.reflect.DelegatingMethodAccessorImpl.invoke(DelegatingMethodAccessorImpl.java:43)
	at java.lang.reflect.Method.invoke(Method.java:498)
	at com.intellij.rt.execution.application.AppMain.main(AppMain.java:147)

Apr 09, 2017 5:30:23 PM coreFunctions.Driver deleteEmployeeWorktimes
SEVERE: java.lang.ArrayIndexOutOfBoundsException: 1
java.lang.ArrayIndexOutOfBoundsException: 1
	at coreFunctions.Driver.deleteEmployeeWorktimes(Driver.java:363)
	at menu.BusinessMenu.printMenu(BusinessMenu.java:121)
	at menu.Login.testLogin(Login.java:66)
	at menu.Login.loginMenu(Login.java:46)
	at Main.main(Main.java:47)
	at sun.reflect.NativeMethodAccessorImpl.invoke0(Native Method)
	at sun.reflect.NativeMethodAccessorImpl.invoke(NativeMethodAccessorImpl.java:62)
	at sun.reflect.DelegatingMethodAccessorImpl.invoke(DelegatingMethodAccessorImpl.java:43)
	at java.lang.reflect.Method.invoke(Method.java:498)
	at com.intellij.rt.execution.application.AppMain.main(AppMain.java:147)

Apr 22, 2017 3:08:52 PM coreFunctions.Driver loadCurrentBookings
SEVERE: java.lang.ArrayIndexOutOfBoundsException: 5
java.lang.ArrayIndexOutOfBoundsException: 5
	at coreFunctions.Driver.loadCurrentBookings(Driver.java:50)
	at coreFunctions.Driver.viewBookingsCustomer(Driver.java:408)
	at menu.CustomerMenu.printMenu(CustomerMenu.java:58)
	at menu.Login.testLogin(Login.java:57)
	at menu.Login.loginMenu(Login.java:46)
	at Main.main(Main.java:45)
	at sun.reflect.NativeMethodAccessorImpl.invoke0(Native Method)
	at sun.reflect.NativeMethodAccessorImpl.invoke(NativeMethodAccessorImpl.java:62)
	at sun.reflect.DelegatingMethodAccessorImpl.invoke(DelegatingMethodAccessorImpl.java:43)
	at java.lang.reflect.Method.invoke(Method.java:498)
	at com.intellij.rt.execution.application.AppMain.main(AppMain.java:147)

